[2022-12-06 13:27:25,835] multiqc                                            [DEBUG  ]  This is MultiQC v1.13 (3d67d41)
[2022-12-06 13:27:25,835] multiqc                                            [DEBUG  ]  Command used: /home/kima/Snakemake-Workshop/demo_workflow/workflow/.snakemake/conda/f61f1a1b6cce0c13615539d777687f8c_/bin/multiqc ../results/fastqc/NA24694_1_fastqc.zip ../results/fastqc/NA24695_1_fastqc.zip ../results/fastqc/NA24631_1_fastqc.zip ../results/fastqc/NA24694_2_fastqc.zip ../results/fastqc/NA24695_2_fastqc.zip ../results/fastqc/NA24631_2_fastqc.zip -o ../results/ --flat
[2022-12-06 13:27:27,159] multiqc                                            [DEBUG  ]  Could not connect to multiqc.info for version check: HTTP Error 403: Forbidden
[2022-12-06 13:27:27,159] multiqc                                            [DEBUG  ]  Working dir : /home/kima/Snakemake-Workshop/demo_workflow/workflow
[2022-12-06 13:27:27,159] multiqc                                            [DEBUG  ]  Template    : default
[2022-12-06 13:27:27,160] multiqc                                            [DEBUG  ]  Running Python 3.11.0 | packaged by conda-forge | (main, Oct 25 2022, 06:24:40) [GCC 10.4.0]
[2022-12-06 13:27:27,160] multiqc                                            [DEBUG  ]  Analysing modules: custom_content, ccs, ngsderive, purple, conpair, lima, peddy, somalier, methylQA, mosdepth, phantompeakqualtools, qualimap, preseq, quast, qorts, rna_seqc, rockhopper, rsem, rseqc, busco, bustools, goleft_indexcov, gffcompare, disambiguate, supernova, deeptools, sargasso, verifybamid, mirtrace, happy, mirtop, sambamba, homer, hops, macs2, theta2, snpeff, gatk, htseq, bcftools, featureCounts, fgbio, dragen, dedup, pbmarkdup, damageprofiler, biobambam2, jcvi, mtnucratio, picard, vep, sentieon, prokka, qc3C, nanostat, samblaster, samtools, sexdeterrmine, eigenstratdatabasetools, bamtools, jellyfish, vcftools, longranger, stacks, varscan2, snippy, bbmap, bismark, biscuit, hicexplorer, hicup, hicpro, salmon, kallisto, slamdunk, star, hisat2, tophat, bowtie2, bowtie1, snpsplit, odgi, pangolin, kat, leehom, adapterRemoval, clipandmerge, cutadapt, flexbar, kaiju, kraken, malt, trimmomatic, sickle, skewer, sortmerna, biobloomtools, fastq_screen, afterqc, fastp, fastqc, pychopper, pycoqc, minionqc, multivcfanalyzer, clusterflow, checkqc, bcl2fastq, bclconvert, interop, ivar, flash, seqyclean, optitype, whatshap
[2022-12-06 13:27:27,160] multiqc                                            [DEBUG  ]  Using temporary directory for creating report: /tmp/tmpp9kzeco0
[2022-12-06 13:27:27,329] multiqc                                            [INFO   ]  Search path : /home/kima/Snakemake-Workshop/demo_workflow/results/fastqc/NA24694_1_fastqc.zip
[2022-12-06 13:27:27,330] multiqc                                            [INFO   ]  Search path : /home/kima/Snakemake-Workshop/demo_workflow/results/fastqc/NA24695_1_fastqc.zip
[2022-12-06 13:27:27,330] multiqc                                            [INFO   ]  Search path : /home/kima/Snakemake-Workshop/demo_workflow/results/fastqc/NA24631_1_fastqc.zip
[2022-12-06 13:27:27,330] multiqc                                            [INFO   ]  Search path : /home/kima/Snakemake-Workshop/demo_workflow/results/fastqc/NA24694_2_fastqc.zip
[2022-12-06 13:27:27,330] multiqc                                            [INFO   ]  Search path : /home/kima/Snakemake-Workshop/demo_workflow/results/fastqc/NA24695_2_fastqc.zip
[2022-12-06 13:27:27,330] multiqc                                            [INFO   ]  Search path : /home/kima/Snakemake-Workshop/demo_workflow/results/fastqc/NA24631_2_fastqc.zip
[2022-12-06 13:27:27,345] multiqc                                            [DEBUG  ]  Summary of files that were skipped by the search: []
[2022-12-06 13:27:27,708] multiqc.plots.bargraph                             [DEBUG  ]  Using matplotlib version 3.6.2
[2022-12-06 13:27:27,709] multiqc.plots.linegraph                            [DEBUG  ]  Using matplotlib version 3.6.2
[2022-12-06 13:27:27,710] multiqc                                            [DEBUG  ]  No samples found: custom_content
[2022-12-06 13:27:27,877] multiqc.modules.fastqc.fastqc                      [INFO   ]  Found 6 reports
[2022-12-06 13:27:30,651] multiqc                                            [INFO   ]  Compressing plot data
[2022-12-06 13:27:30,655] multiqc                                            [INFO   ]  Report      : ../results/multiqc_report.html
[2022-12-06 13:27:30,655] multiqc                                            [INFO   ]  Data        : ../results/multiqc_data
[2022-12-06 13:27:30,655] multiqc                                            [DEBUG  ]  Moving data file from '/tmp/tmpp9kzeco0/multiqc_data' to '../results/multiqc_data'
[2022-12-06 13:27:30,822] multiqc                                            [INFO   ]  MultiQC complete
